[2024-02-11T09:27:35.600+0000][gc,heap] Heap region size: 1M
[2024-02-11T09:27:35.625+0000][gc     ] Using G1
[2024-02-11T09:27:35.625+0000][gc,heap,coops] Heap address: 0x00000000c0000000, size: 1024 MB, Compressed Oops mode: 32-bit
[2024-02-11T09:27:35.625+0000][gc,cds       ] Mark closed archive regions in map: [0x00000000fff00000, 0x00000000fff6bff8]
[2024-02-11T09:27:35.625+0000][gc,cds       ] Mark open archive regions in map: [0x00000000ffe00000, 0x00000000ffe47ff8]
[2024-02-11T09:27:37.562+0000][gc,start     ] GC(0) Pause Young (Normal) (G1 Evacuation Pause)
[2024-02-11T09:27:37.563+0000][gc,task      ] GC(0) Using 2 workers of 2 for evacuation
[2024-02-11T09:27:37.573+0000][gc,phases    ] GC(0)   Pre Evacuate Collection Set: 0.0ms
[2024-02-11T09:27:37.573+0000][gc,phases    ] GC(0)   Evacuate Collection Set: 9.6ms
[2024-02-11T09:27:37.573+0000][gc,phases    ] GC(0)   Post Evacuate Collection Set: 0.2ms
[2024-02-11T09:27:37.573+0000][gc,phases    ] GC(0)   Other: 0.4ms
[2024-02-11T09:27:37.573+0000][gc,heap      ] GC(0) Eden regions: 51->0(44)
[2024-02-11T09:27:37.573+0000][gc,heap      ] GC(0) Survivor regions: 0->7(7)
[2024-02-11T09:27:37.573+0000][gc,heap      ] GC(0) Old regions: 2->2
[2024-02-11T09:27:37.573+0000][gc,heap      ] GC(0) Humongous regions: 0->0
[2024-02-11T09:27:37.573+0000][gc,metaspace ] GC(0) Metaspace: 16409K(17280K)->16409K(17280K) NonClass: 14221K(14848K)->14221K(14848K) Class: 2187K(2432K)->2187K(2432K)
[2024-02-11T09:27:37.573+0000][gc           ] GC(0) Pause Young (Normal) (G1 Evacuation Pause) 51M->6M(1024M) 10.408ms
[2024-02-11T09:27:37.573+0000][gc,cpu       ] GC(0) User=0.02s Sys=0.01s Real=0.01s
[2024-02-11T09:27:37.958+0000][gc,start     ] GC(1) Pause Young (Concurrent Start) (Metadata GC Threshold)
[2024-02-11T09:27:37.959+0000][gc,task      ] GC(1) Using 2 workers of 2 for evacuation
[2024-02-11T09:27:37.978+0000][gc,phases    ] GC(1)   Pre Evacuate Collection Set: 0.1ms
[2024-02-11T09:27:37.979+0000][gc,phases    ] GC(1)   Evacuate Collection Set: 19.3ms
[2024-02-11T09:27:37.979+0000][gc,phases    ] GC(1)   Post Evacuate Collection Set: 0.2ms
[2024-02-11T09:27:37.979+0000][gc,phases    ] GC(1)   Other: 0.4ms
[2024-02-11T09:27:37.979+0000][gc,heap      ] GC(1) Eden regions: 18->0(50)
[2024-02-11T09:27:37.979+0000][gc,heap      ] GC(1) Survivor regions: 7->1(7)
[2024-02-11T09:27:37.979+0000][gc,heap      ] GC(1) Old regions: 2->9
[2024-02-11T09:27:37.979+0000][gc,heap      ] GC(1) Humongous regions: 0->0
[2024-02-11T09:27:37.979+0000][gc,metaspace ] GC(1) Metaspace: 20586K(21248K)->20586K(21248K) NonClass: 17773K(18176K)->17773K(18176K) Class: 2813K(3072K)->2813K(3072K)
[2024-02-11T09:27:37.979+0000][gc           ] GC(1) Pause Young (Concurrent Start) (Metadata GC Threshold) 24M->7M(1024M) 20.191ms
[2024-02-11T09:27:37.979+0000][gc,cpu       ] GC(1) User=0.03s Sys=0.00s Real=0.02s
[2024-02-11T09:27:37.979+0000][gc           ] GC(2) Concurrent Cycle
[2024-02-11T09:27:37.979+0000][gc,marking   ] GC(2) Concurrent Clear Claimed Marks
[2024-02-11T09:27:37.979+0000][gc,marking   ] GC(2) Concurrent Clear Claimed Marks 0.021ms
[2024-02-11T09:27:37.979+0000][gc,marking   ] GC(2) Concurrent Scan Root Regions
[2024-02-11T09:27:37.981+0000][gc,marking   ] GC(2) Concurrent Scan Root Regions 1.694ms
[2024-02-11T09:27:37.981+0000][gc,marking   ] GC(2) Concurrent Mark (2.384s)
[2024-02-11T09:27:37.981+0000][gc,marking   ] GC(2) Concurrent Mark From Roots
[2024-02-11T09:27:37.981+0000][gc,task      ] GC(2) Using 1 workers of 1 for marking
[2024-02-11T09:27:37.992+0000][gc,marking   ] GC(2) Concurrent Mark From Roots 11.546ms
[2024-02-11T09:27:37.992+0000][gc,marking   ] GC(2) Concurrent Preclean
[2024-02-11T09:27:37.992+0000][gc,marking   ] GC(2) Concurrent Preclean 0.081ms
[2024-02-11T09:27:37.992+0000][gc,marking   ] GC(2) Concurrent Mark (2.384s, 2.395s) 11.724ms
[2024-02-11T09:27:37.993+0000][gc,start     ] GC(2) Pause Remark
[2024-02-11T09:27:37.996+0000][gc,stringtable] GC(2) Cleaned string and symbol table, strings: 5534 processed, 0 removed, symbols: 50559 processed, 50 removed
[2024-02-11T09:27:37.996+0000][gc            ] GC(2) Pause Remark 8M->8M(1024M) 3.175ms
[2024-02-11T09:27:37.996+0000][gc,cpu        ] GC(2) User=0.00s Sys=0.00s Real=0.00s
[2024-02-11T09:27:37.996+0000][gc,marking    ] GC(2) Concurrent Rebuild Remembered Sets
[2024-02-11T09:27:38.003+0000][gc,marking    ] GC(2) Concurrent Rebuild Remembered Sets 6.972ms
[2024-02-11T09:27:38.004+0000][gc,start      ] GC(2) Pause Cleanup
[2024-02-11T09:27:38.004+0000][gc            ] GC(2) Pause Cleanup 8M->8M(1024M) 0.238ms
[2024-02-11T09:27:38.004+0000][gc,cpu        ] GC(2) User=0.00s Sys=0.00s Real=0.00s
[2024-02-11T09:27:38.004+0000][gc,marking    ] GC(2) Concurrent Cleanup for Next Mark
[2024-02-11T09:27:38.013+0000][gc,marking    ] GC(2) Concurrent Cleanup for Next Mark 8.939ms
[2024-02-11T09:27:38.013+0000][gc            ] GC(2) Concurrent Cycle 34.240ms
[2024-02-11T09:27:38.864+0000][gc,start      ] GC(3) Pause Young (Normal) (G1 Evacuation Pause)
[2024-02-11T09:27:38.864+0000][gc,task       ] GC(3) Using 2 workers of 2 for evacuation
[2024-02-11T09:27:38.872+0000][gc,phases     ] GC(3)   Pre Evacuate Collection Set: 0.0ms
[2024-02-11T09:27:38.872+0000][gc,phases     ] GC(3)   Evacuate Collection Set: 7.0ms
[2024-02-11T09:27:38.872+0000][gc,phases     ] GC(3)   Post Evacuate Collection Set: 0.2ms
[2024-02-11T09:27:38.872+0000][gc,phases     ] GC(3)   Other: 0.1ms
[2024-02-11T09:27:38.872+0000][gc,heap       ] GC(3) Eden regions: 50->0(46)
[2024-02-11T09:27:38.872+0000][gc,heap       ] GC(3) Survivor regions: 1->5(7)
[2024-02-11T09:27:38.872+0000][gc,heap       ] GC(3) Old regions: 9->9
[2024-02-11T09:27:38.872+0000][gc,heap       ] GC(3) Humongous regions: 129->129
[2024-02-11T09:27:38.872+0000][gc,metaspace  ] GC(3) Metaspace: 30254K(31356K)->30254K(31356K) NonClass: 26527K(27136K)->26527K(27136K) Class: 3727K(4220K)->3727K(4220K)
[2024-02-11T09:27:38.872+0000][gc            ] GC(3) Pause Young (Normal) (G1 Evacuation Pause) 186M->140M(1024M) 7.579ms
[2024-02-11T09:27:38.872+0000][gc,cpu        ] GC(3) User=0.01s Sys=0.00s Real=0.01s
[2024-02-11T09:28:29.938+0000][gc,start      ] GC(4) Pause Young (Concurrent Start) (Metadata GC Threshold)
[2024-02-11T09:28:29.938+0000][gc,task       ] GC(4) Using 2 workers of 2 for evacuation
[2024-02-11T09:28:29.947+0000][gc,phases     ] GC(4)   Pre Evacuate Collection Set: 0.1ms
[2024-02-11T09:28:29.947+0000][gc,phases     ] GC(4)   Evacuate Collection Set: 8.1ms
[2024-02-11T09:28:29.947+0000][gc,phases     ] GC(4)   Post Evacuate Collection Set: 0.2ms
[2024-02-11T09:28:29.949+0000][gc,phases     ] GC(4)   Other: 0.5ms
[2024-02-11T09:28:29.949+0000][gc,heap       ] GC(4) Eden regions: 21->0(49)
[2024-02-11T09:28:29.949+0000][gc,heap       ] GC(4) Survivor regions: 5->2(7)
[2024-02-11T09:28:29.949+0000][gc,heap       ] GC(4) Old regions: 9->13
[2024-02-11T09:28:29.949+0000][gc,heap       ] GC(4) Humongous regions: 129->129
[2024-02-11T09:28:29.949+0000][gc,metaspace  ] GC(4) Metaspace: 34596K(36048K)->34596K(36048K) NonClass: 30205K(30976K)->30205K(30976K) Class: 4391K(5072K)->4391K(5072K)
[2024-02-11T09:28:29.949+0000][gc            ] GC(4) Pause Young (Concurrent Start) (Metadata GC Threshold) 161M->141M(1024M) 11.062ms
[2024-02-11T09:28:29.949+0000][gc,cpu        ] GC(4) User=0.02s Sys=0.00s Real=0.01s
[2024-02-11T09:28:29.949+0000][gc            ] GC(5) Concurrent Cycle
[2024-02-11T09:28:29.949+0000][gc,marking    ] GC(5) Concurrent Clear Claimed Marks
[2024-02-11T09:28:29.949+0000][gc,marking    ] GC(5) Concurrent Clear Claimed Marks 0.052ms
[2024-02-11T09:28:29.950+0000][gc,marking    ] GC(5) Concurrent Scan Root Regions
[2024-02-11T09:28:29.951+0000][gc,marking    ] GC(5) Concurrent Scan Root Regions 1.309ms
[2024-02-11T09:28:29.951+0000][gc,marking    ] GC(5) Concurrent Mark (54.354s)
[2024-02-11T09:28:29.951+0000][gc,marking    ] GC(5) Concurrent Mark From Roots
[2024-02-11T09:28:29.951+0000][gc,task       ] GC(5) Using 1 workers of 1 for marking
[2024-02-11T09:28:29.997+0000][gc,marking    ] GC(5) Concurrent Mark From Roots 46.234ms
[2024-02-11T09:28:29.997+0000][gc,marking    ] GC(5) Concurrent Preclean
[2024-02-11T09:28:29.998+0000][gc,marking    ] GC(5) Concurrent Preclean 0.148ms
[2024-02-11T09:28:29.998+0000][gc,marking    ] GC(5) Concurrent Mark (54.354s, 54.400s) 46.750ms
[2024-02-11T09:28:29.998+0000][gc,start      ] GC(5) Pause Remark
[2024-02-11T09:28:30.002+0000][gc,stringtable] GC(5) Cleaned string and symbol table, strings: 10027 processed, 10 removed, symbols: 80631 processed, 24 removed
[2024-02-11T09:28:30.002+0000][gc            ] GC(5) Pause Remark 143M->143M(1024M) 4.486ms
[2024-02-11T09:28:30.002+0000][gc,cpu        ] GC(5) User=0.01s Sys=0.00s Real=0.01s
[2024-02-11T09:28:30.003+0000][gc,marking    ] GC(5) Concurrent Rebuild Remembered Sets
[2024-02-11T09:28:30.021+0000][gc,marking    ] GC(5) Concurrent Rebuild Remembered Sets 18.825ms
[2024-02-11T09:28:30.022+0000][gc,start      ] GC(5) Pause Cleanup
[2024-02-11T09:28:30.022+0000][gc            ] GC(5) Pause Cleanup 144M->144M(1024M) 0.290ms
[2024-02-11T09:28:30.022+0000][gc,cpu        ] GC(5) User=0.00s Sys=0.00s Real=0.00s
[2024-02-11T09:28:30.022+0000][gc,marking    ] GC(5) Concurrent Cleanup for Next Mark
[2024-02-11T09:28:30.040+0000][gc,marking    ] GC(5) Concurrent Cleanup for Next Mark 17.804ms
[2024-02-11T09:28:30.040+0000][gc            ] GC(5) Concurrent Cycle 90.902ms
[2024-02-11T09:32:49.059+0000][gc,start      ] GC(6) Pause Young (Concurrent Start) (G1 Evacuation Pause)
[2024-02-11T09:32:49.059+0000][gc,task       ] GC(6) Using 2 workers of 2 for evacuation
[2024-02-11T09:32:49.066+0000][gc,phases     ] GC(6)   Pre Evacuate Collection Set: 0.2ms
[2024-02-11T09:32:49.066+0000][gc,phases     ] GC(6)   Evacuate Collection Set: 6.7ms
[2024-02-11T09:32:49.066+0000][gc,phases     ] GC(6)   Post Evacuate Collection Set: 0.3ms
[2024-02-11T09:32:49.066+0000][gc,phases     ] GC(6)   Other: 0.2ms
[2024-02-11T09:32:49.066+0000][gc,heap       ] GC(6) Eden regions: 49->0(47)
[2024-02-11T09:32:49.066+0000][gc,heap       ] GC(6) Survivor regions: 2->4(7)
[2024-02-11T09:32:49.066+0000][gc,heap       ] GC(6) Old regions: 13->13
[2024-02-11T09:32:49.066+0000][gc,heap       ] GC(6) Humongous regions: 129->129
[2024-02-11T09:32:49.066+0000][gc,metaspace  ] GC(6) Metaspace: 39449K(41500K)->39449K(41500K) NonClass: 34433K(35584K)->34433K(35584K) Class: 5015K(5916K)->5015K(5916K)
[2024-02-11T09:32:49.066+0000][gc            ] GC(6) Pause Young (Concurrent Start) (G1 Evacuation Pause) 190M->144M(1024M) 7.614ms
[2024-02-11T09:32:49.066+0000][gc,cpu        ] GC(6) User=0.01s Sys=0.00s Real=0.00s
[2024-02-11T09:32:49.066+0000][gc            ] GC(7) Concurrent Cycle
[2024-02-11T09:32:49.066+0000][gc,marking    ] GC(7) Concurrent Clear Claimed Marks
[2024-02-11T09:32:49.066+0000][gc,marking    ] GC(7) Concurrent Clear Claimed Marks 0.048ms
[2024-02-11T09:32:49.066+0000][gc,marking    ] GC(7) Concurrent Scan Root Regions
[2024-02-11T09:32:49.069+0000][gc,marking    ] GC(7) Concurrent Scan Root Regions 2.160ms
[2024-02-11T09:32:49.069+0000][gc,marking    ] GC(7) Concurrent Mark (313.472s)
[2024-02-11T09:32:49.069+0000][gc,marking    ] GC(7) Concurrent Mark From Roots
[2024-02-11T09:32:49.069+0000][gc,task       ] GC(7) Using 1 workers of 1 for marking
[2024-02-11T09:32:49.080+0000][gc,marking    ] GC(7) Concurrent Mark From Roots 11.534ms
[2024-02-11T09:32:49.080+0000][gc,marking    ] GC(7) Concurrent Preclean
[2024-02-11T09:32:49.080+0000][gc,marking    ] GC(7) Concurrent Preclean 0.077ms
[2024-02-11T09:32:49.080+0000][gc,marking    ] GC(7) Concurrent Mark (313.472s, 313.483s) 11.691ms
[2024-02-11T09:32:49.080+0000][gc,start      ] GC(7) Pause Remark
[2024-02-11T09:32:49.087+0000][gc,stringtable] GC(7) Cleaned string and symbol table, strings: 11606 processed, 2 removed, symbols: 83793 processed, 7 removed
[2024-02-11T09:32:49.087+0000][gc            ] GC(7) Pause Remark 144M->144M(1024M) 6.342ms
[2024-02-11T09:32:49.087+0000][gc,cpu        ] GC(7) User=0.01s Sys=0.00s Real=0.00s
[2024-02-11T09:32:49.087+0000][gc,marking    ] GC(7) Concurrent Rebuild Remembered Sets
[2024-02-11T09:32:49.093+0000][gc,marking    ] GC(7) Concurrent Rebuild Remembered Sets 6.117ms
[2024-02-11T09:32:49.093+0000][gc,start      ] GC(7) Pause Cleanup
[2024-02-11T09:32:49.093+0000][gc            ] GC(7) Pause Cleanup 144M->144M(1024M) 0.155ms
[2024-02-11T09:32:49.093+0000][gc,cpu        ] GC(7) User=0.00s Sys=0.00s Real=0.00s
[2024-02-11T09:32:49.093+0000][gc,marking    ] GC(7) Concurrent Cleanup for Next Mark
[2024-02-11T09:32:49.094+0000][gc,marking    ] GC(7) Concurrent Cleanup for Next Mark 0.984ms
[2024-02-11T09:32:49.094+0000][gc            ] GC(7) Concurrent Cycle 28.035ms
